[debug] [2022-08-18T01:20:56.178Z] ----------------------------------------------------------------------
[debug] [2022-08-18T01:20:56.183Z] Command:       C:\Program Files\nodejs\node.exe C:\Users\xande\AppData\Roaming\npm\node_modules\firebase-tools\lib\bin\firebase.js init
[debug] [2022-08-18T01:20:56.185Z] CLI Version:   11.7.0
[debug] [2022-08-18T01:20:56.185Z] Platform:      win32
[debug] [2022-08-18T01:20:56.185Z] Node Version:  v16.15.0
[debug] [2022-08-18T01:20:56.188Z] Time:          Wed Aug 17 2022 22:20:56 GMT-0300 (Horário Padrão de Brasília)
[debug] [2022-08-18T01:20:56.188Z] ----------------------------------------------------------------------
[debug] 
[debug] [2022-08-18T01:20:56.209Z] > command requires scopes: ["email","openid","https://www.googleapis.com/auth/cloudplatformprojects.readonly","https://www.googleapis.com/auth/firebase","https://www.googleapis.com/auth/cloud-platform"]
[debug] [2022-08-18T01:20:56.211Z] > authorizing via signed-in user (xandenextel@gmail.com)
[info] 
     ######## #### ########  ######## ########     ###     ######  ########
     ##        ##  ##     ## ##       ##     ##  ##   ##  ##       ##
     ######    ##  ########  ######   ########  #########  ######  ######
     ##        ##  ##    ##  ##       ##     ## ##     ##       ## ##
     ##       #### ##     ## ######## ########  ##     ##  ######  ########

You're about to initialize a Firebase project in this directory:

  D:\Projetos\404-Not-Found

[info] 
=== Project Setup
[info] 
[info] First, let's associate this project directory with a Firebase project.
[info] You can create multiple project aliases by running firebase use --add, 
[info] but for now we'll just set up a default project.
[info] 
[info] i  If you want to create a project in a Google Cloud organization or folder, please use "firebase projects:create" instead, and return to this command when you've created the project. 
[debug] [2022-08-18T01:21:39.790Z] >>> [apiv2][query] POST https://cloudresourcemanager.googleapis.com/v1/projects [none]
[debug] [2022-08-18T01:21:39.791Z] >>> [apiv2][body] POST https://cloudresourcemanager.googleapis.com/v1/projects {"projectId":"not-found","name":"not-found"}
[debug] [2022-08-18T01:21:40.915Z] <<< [apiv2][status] POST https://cloudresourcemanager.googleapis.com/v1/projects 409
[debug] [2022-08-18T01:21:40.916Z] <<< [apiv2][body] POST https://cloudresourcemanager.googleapis.com/v1/projects {"error":{"code":409,"message":"Requested entity already exists","status":"ALREADY_EXISTS"}}
[debug] [2022-08-18T01:21:42.117Z] FirebaseError: HTTP Error: 409, Requested entity already exists
    at responseToError (C:\Users\xande\AppData\Roaming\npm\node_modules\firebase-tools\lib\responseToError.js:49:12)
    at RetryOperation._fn (C:\Users\xande\AppData\Roaming\npm\node_modules\firebase-tools\lib\apiv2.js:288:77)
    at processTicksAndRejections (node:internal/process/task_queues:96:5)
[error] 
[error] Error: Failed to create project because there is already a project with ID not-found. Please try again with a unique project ID.
[debug] [2022-08-18T01:21:55.667Z] ----------------------------------------------------------------------
[debug] [2022-08-18T01:21:55.673Z] Command:       C:\Program Files\nodejs\node.exe C:\Users\xande\AppData\Roaming\npm\node_modules\firebase-tools\lib\bin\firebase.js init
[debug] [2022-08-18T01:21:55.674Z] CLI Version:   11.7.0
[debug] [2022-08-18T01:21:55.675Z] Platform:      win32
[debug] [2022-08-18T01:21:55.675Z] Node Version:  v16.15.0
[debug] [2022-08-18T01:21:55.677Z] Time:          Wed Aug 17 2022 22:21:55 GMT-0300 (Horário Padrão de Brasília)
[debug] [2022-08-18T01:21:55.678Z] ----------------------------------------------------------------------
[debug] 
[debug] [2022-08-18T01:21:55.700Z] > command requires scopes: ["email","openid","https://www.googleapis.com/auth/cloudplatformprojects.readonly","https://www.googleapis.com/auth/firebase","https://www.googleapis.com/auth/cloud-platform"]
[debug] [2022-08-18T01:21:55.701Z] > authorizing via signed-in user (xandenextel@gmail.com)
[info] 
     ######## #### ########  ######## ########     ###     ######  ########
     ##        ##  ##     ## ##       ##     ##  ##   ##  ##       ##
     ######    ##  ########  ######   ########  #########  ######  ######
     ##        ##  ##    ##  ##       ##     ## ##     ##       ## ##
     ##       #### ##     ## ######## ########  ##     ##  ######  ########

You're about to initialize a Firebase project in this directory:

  D:\Projetos\404-Not-Found

